<?xml version="1.0" encoding="UTF-8"?>
<!-- Generated by org.testng.reporters.JUnitReportReporter -->
<testsuite skipped="0" hostname="RSLPTP1013" name="restAssuredTests.POST_Request" tests="1" failures="0" timestamp="05 Mar 2020 11:46:07 GMT" time="2.357" errors="0">
  <testcase name="testData" time="2.357" classname="restAssuredTests.POST_Request"/>
</testsuite> <!-- restAssuredTests.POST_Request -->
