<?xml version="1.0" encoding="UTF-8"?>
<!-- Generated by org.testng.reporters.JUnitReportReporter -->
<testsuite skipped="0" hostname="RSLPTP1013" name="restAssuredTests.PUT_Request" tests="1" failures="0" timestamp="04 Mar 2020 09:55:18 GMT" time="3.104" errors="0">
  <testcase name="testPost" time="3.104" classname="restAssuredTests.PUT_Request"/>
</testsuite> <!-- restAssuredTests.PUT_Request -->
